[1m[92m   Compiling[0m librocksdb-sys v0.11.0+8.1.1
[1m[92m    Checking[0m waecan-crypto v0.1.0 (/home/runner/work/Waecan/Waecan/crates/waecan-crypto)
[1m[92m    Checking[0m zstd-sys v2.0.16+zstd.1.5.7
[1m[92m    Checking[0m lz4-sys v1.11.1+lz4-1.10.0
[1m[92m    Checking[0m waecan-wallet v0.1.0 (/home/runner/work/Waecan/Waecan/crates/waecan-wallet)
[1m[92m    Checking[0m waecan-rpc v0.1.0 (/home/runner/work/Waecan/Waecan/crates/waecan-rpc)
[1m[92m    Checking[0m waecan-mempool v0.1.0 (/home/runner/work/Waecan/Waecan/crates/waecan-mempool)
[1m[92m    Checking[0m waecan-cli v0.1.0 (/home/runner/work/Waecan/Waecan/crates/waecan-cli)
[1m[92m    Checking[0m waecan-node v0.1.0 (/home/runner/work/Waecan/Waecan/crates/waecan-node)
[1m[92m    Checking[0m waecan-p2p v0.1.0 (/home/runner/work/Waecan/Waecan/crates/waecan-p2p)
[1m[92m    Checking[0m waecan-core v0.1.0 (/home/runner/work/Waecan/Waecan/crates/waecan-core)
[1m[91merror[0m[1m: the loop variable `i` is only used to index `quotient_be`[0m
  [1m[94m--> [0mcrates/waecan-core/src/pow.rs:11:14
   [1m[94m|[0m
[1m[94m11[0m [1m[94m|[0m     for i in 0..32 {
   [1m[94m|[0m              [1m[91m^^^^^[0m
   [1m[94m|[0m
   [1m[94m= [0m[1mhelp[0m: for further information visit https://rust-lang.github.io/rust-clippy/rust-1.94.0/index.html#needless_range_loop
   [1m[94m= [0m[1mnote[0m: `-D clippy::needless-range-loop` implied by `-D warnings`
   [1m[94m= [0m[1mhelp[0m: to override `-D warnings` add `#[allow(clippy::needless_range_loop)]`
[1m[96mhelp[0m: consider using an iterator
   [1m[94m|[0m
[1m[94m11[0m [91m- [0m    for [91mi[0m in [91m0..32[0m {
[1m[94m11[0m [92m+ [0m    for [92m<item>[0m in [92m&mut quotient_be[0m {
   [1m[94m|[0m

[1m[91merror[0m: could not compile `waecan-core` (lib) due to 1 previous error
[1m[33mwarning[0m: build failed, waiting for other jobs to finish...
